<?xml version="1.0" encoding="UTF-8"?>
<testsuite name="locator.ISSWebParserTests" tests="4" skipped="0" failures="0" errors="0" timestamp="2019-09-30T23:40:39" hostname="Kevin-MacBook-Pro.local" time="0.012">
  <properties/>
  <testcase name="parseDataAndReturnTimeStampForSampleJSON()" classname="locator.ISSWebParserTests" time="0.009"/>
  <testcase name="parseDataWithErrorForLatBeingTooLarge()" classname="locator.ISSWebParserTests" time="0.001"/>
  <testcase name="parseDataWithErrorForLonBeingTooLarge()" classname="locator.ISSWebParserTests" time="0.001"/>
  <testcase name="Canary()" classname="locator.ISSWebParserTests" time="0.001"/>
  <system-out><![CDATA[]]></system-out>
  <system-err><![CDATA[]]></system-err>
</testsuite>
